[debug] [2022-02-23T00:59:41.398Z] ----------------------------------------------------------------------
[debug] [2022-02-23T00:59:41.401Z] Command:       C:\Program Files\nodejs\node.exe C:\Users\sebas\AppData\Roaming\npm\node_modules\firebase-tools\lib\bin\firebase.js emulators:start
[debug] [2022-02-23T00:59:41.402Z] CLI Version:   10.0.1
[debug] [2022-02-23T00:59:41.402Z] Platform:      win32
[debug] [2022-02-23T00:59:41.402Z] Node Version:  v14.16.1
[debug] [2022-02-23T00:59:41.407Z] Time:          Tue Feb 22 2022 18:59:41 GMT-0600 (Central Standard Time)
[debug] [2022-02-23T00:59:41.408Z] ----------------------------------------------------------------------
[debug] 
[debug] [2022-02-23T00:59:41.411Z] >>> [apiv2][query] GET https://firebase-public.firebaseio.com/cli.json [none]
[debug] [2022-02-23T00:59:41.525Z] > command requires scopes: ["email","openid","https://www.googleapis.com/auth/cloudplatformprojects.readonly","https://www.googleapis.com/auth/firebase","https://www.googleapis.com/auth/cloud-platform"]
[debug] [2022-02-23T00:59:41.525Z] > authorizing via signed-in user (sebastianalvarado246801@gmail.com)
[info] i  emulators: Starting emulators: functions, hosting {"metadata":{"emulator":{"name":"hub"},"message":"Starting emulators: functions, hosting"}}
[warn] !  emulators: It seems that you are running multiple instances of the emulator suite for project clone-39f35. This may result in unexpected behavior. 
[debug] [2022-02-23T00:59:41.565Z] [hub] writing locator at C:\Users\sebas\AppData\Local\Temp\hub-clone-39f35.json
[warn] !  functions: The following emulators are not running, calls to these services from the Functions emulator will affect production: auth, firestore, database, pubsub, storage {"metadata":{"emulator":{"name":"functions"},"message":"The following emulators are not running, calls to these services from the Functions emulator will affect production: \u001b[1mauth, firestore, database, pubsub, storage\u001b[22m"}}
[warn] !  Your requested "node" version "16" doesn't match your global version "14" {"metadata":{"emulator":{"name":"functions"},"message":"Your requested \"node\" version \"16\" doesn't match your global version \"14\""}}
[debug] [2022-02-23T00:59:41.597Z] defaultcredentials: writing to file C:\Users\sebas\AppData\Roaming\firebase\sebastianalvarado246801_gmail_com_application_default_credentials.json
[debug] [2022-02-23T00:59:41.600Z] Setting GAC to C:\Users\sebas\AppData\Roaming\firebase\sebastianalvarado246801_gmail_com_application_default_credentials.json {"metadata":{"emulator":{"name":"functions"},"message":"Setting GAC to C:\\Users\\sebas\\AppData\\Roaming\\firebase\\sebastianalvarado246801_gmail_com_application_default_credentials.json"}}
[debug] [2022-02-23T00:59:41.602Z] > refreshing access token with scopes: []
[debug] [2022-02-23T00:59:41.604Z] >>> HTTP REQUEST POST https://www.googleapis.com/oauth2/v3/token  
 <request body omitted>
[debug] [2022-02-23T00:59:41.848Z] <<< [apiv2][status] GET https://firebase-public.firebaseio.com/cli.json 200
[debug] [2022-02-23T00:59:41.848Z] <<< [apiv2][body] GET https://firebase-public.firebaseio.com/cli.json {"cloudBuildErrorAfter":1594252800000,"cloudBuildWarnAfter":1590019200000,"defaultNode10After":1594252800000,"minVersion":"3.0.5","node8DeploysDisabledAfter":1613390400000,"node8RuntimeDisabledAfter":1615809600000,"node8WarnAfter":1600128000000}
[debug] [2022-02-23T00:59:41.979Z] <<< HTTP RESPONSE 200 {"expires":"Mon, 01 Jan 1990 00:00:00 GMT","cache-control":"no-cache, no-store, max-age=0, must-revalidate","pragma":"no-cache","date":"Wed, 23 Feb 2022 00:59:43 GMT","content-type":"application/json; charset=utf-8","vary":"X-Origin, Referer, Origin,Accept-Encoding","server":"scaffolding on HTTPServer2","x-xss-protection":"0","x-frame-options":"SAMEORIGIN","x-content-type-options":"nosniff","alt-svc":"h3=\":443\"; ma=2592000,h3-29=\":443\"; ma=2592000,h3-Q050=\":443\"; ma=2592000,h3-Q046=\":443\"; ma=2592000,h3-Q043=\":443\"; ma=2592000,quic=\":443\"; ma=2592000; v=\"46,43\"","accept-ranges":"none","transfer-encoding":"chunked"}
[debug] [2022-02-23T00:59:41.998Z] >>> [apiv2][query] GET https://firebase.googleapis.com/v1beta1/projects/clone-39f35/adminSdkConfig [none]
[debug] [2022-02-23T00:59:42.479Z] <<< [apiv2][status] GET https://firebase.googleapis.com/v1beta1/projects/clone-39f35/adminSdkConfig 200
[debug] [2022-02-23T00:59:42.479Z] <<< [apiv2][body] GET https://firebase.googleapis.com/v1beta1/projects/clone-39f35/adminSdkConfig {"projectId":"clone-39f35","storageBucket":"clone-39f35.appspot.com","locationId":"us-central"}
[debug] [2022-02-23T00:59:42.495Z] >>> [apiv2][query] GET https://firebasehosting.googleapis.com/v1beta1/projects/clone-39f35/sites 
[debug] [2022-02-23T00:59:43.050Z] <<< [apiv2][status] GET https://firebasehosting.googleapis.com/v1beta1/projects/clone-39f35/sites 200
[debug] [2022-02-23T00:59:43.050Z] <<< [apiv2][body] GET https://firebasehosting.googleapis.com/v1beta1/projects/clone-39f35/sites {"sites":[{"name":"projects/906129102687/sites/clone-39f35","defaultUrl":"https://clone-39f35.web.app","appId":"1:906129102687:web:553776c1d1a535825d08ea","type":"DEFAULT_SITE"}]}
[debug] [2022-02-23T00:59:43.050Z] >>> [apiv2][query] GET https://firebase.googleapis.com/v1beta1/projects/clone-39f35/webApps/1:906129102687:web:553776c1d1a535825d08ea/config [none]
[debug] [2022-02-23T00:59:43.616Z] <<< [apiv2][status] GET https://firebase.googleapis.com/v1beta1/projects/clone-39f35/webApps/1:906129102687:web:553776c1d1a535825d08ea/config 200
[debug] [2022-02-23T00:59:43.617Z] <<< [apiv2][body] GET https://firebase.googleapis.com/v1beta1/projects/clone-39f35/webApps/1:906129102687:web:553776c1d1a535825d08ea/config {"projectId":"clone-39f35","appId":"1:906129102687:web:553776c1d1a535825d08ea","storageBucket":"clone-39f35.appspot.com","locationId":"us-central","apiKey":"AIzaSyC5UEkMsmscdQM3z-q1jBzDjxx53fS-Kw4","authDomain":"clone-39f35.firebaseapp.com","messagingSenderId":"906129102687","measurementId":"G-X4LB69HEXD"}
[info] i  hosting: Serving hosting files from: build {"metadata":{"emulator":{"name":"hosting"},"message":"Serving hosting files from: \u001b[1mbuild\u001b[22m"}}
[info] +  hosting: Local server: http://localhost:5000 {"metadata":{"emulator":{"name":"hosting"},"message":"Local server: \u001b[4m\u001b[1mhttp://localhost:5000\u001b[22m\u001b[24m"}}
[debug] [2022-02-23T00:59:43.690Z] Ignoring unsupported arg: auto_download {"metadata":{"emulator":{"name":"ui"},"message":"Ignoring unsupported arg: auto_download"}}
[debug] [2022-02-23T00:59:43.690Z] Ignoring unsupported arg: port {"metadata":{"emulator":{"name":"ui"},"message":"Ignoring unsupported arg: port"}}
[debug] [2022-02-23T00:59:43.690Z] Starting Emulator UI with command {"binary":"node","args":["C:\\Users\\sebas\\.cache\\firebase\\emulators\\ui-v1.6.4\\server.bundle.js"],"optionalArgs":[],"joinArgs":false} {"metadata":{"emulator":{"name":"ui"},"message":"Starting Emulator UI with command {\"binary\":\"node\",\"args\":[\"C:\\\\Users\\\\sebas\\\\.cache\\\\firebase\\\\emulators\\\\ui-v1.6.4\\\\server.bundle.js\"],\"optionalArgs\":[],\"joinArgs\":false}"}}
[info] i  ui: Emulator UI logging to ui-debug.log {"metadata":{"emulator":{"name":"ui"},"message":"Emulator UI logging to \u001b[1mui-debug.log\u001b[22m"}}
[debug] [2022-02-23T00:59:43.894Z] Web / API server started at localhost:4000
 {"metadata":{"emulator":{"name":"ui"},"message":"Web / API server started at localhost:4000\n"}}
[info] i  functions: Watching "C:\Users\sebas\Desktop\amazon-clone\functions" for Cloud Functions... {"metadata":{"emulator":{"name":"functions"},"message":"Watching \"C:\\Users\\sebas\\Desktop\\amazon-clone\\functions\" for Cloud Functions..."}}
[debug] [2022-02-23T00:59:43.996Z] [worker-pool] addWorker(~diagnostic~) {"metadata":{"emulator":{"name":"functions"},"message":"[worker-pool] addWorker(~diagnostic~)"}}
[debug] [2022-02-23T00:59:43.996Z] [worker-pool] Adding worker with key ~diagnostic~, total=1 {"metadata":{"emulator":{"name":"functions"},"message":"[worker-pool] Adding worker with key ~diagnostic~, total=1"}}
[debug] [2022-02-23T00:59:43.996Z] [worker-pool] submitWork(triggerId=) {"metadata":{"emulator":{"name":"functions"},"message":"[worker-pool] submitWork(triggerId=)"}}
[debug] [2022-02-23T00:59:43.997Z] [worker-~diagnostic~-ad5668bd-2147-4f3b-a02d-3aaaceed6c92]: Assigning socketPath: \\?\pipe\C:\Users\sebas\Desktop\amazon-clone\functions\8580 {"metadata":{"emulator":{"name":"functions"},"message":"[worker-~diagnostic~-ad5668bd-2147-4f3b-a02d-3aaaceed6c92]: Assigning socketPath: \\\\?\\pipe\\C:\\Users\\sebas\\Desktop\\amazon-clone\\functions\\8580"}}
[debug] [2022-02-23T00:59:43.997Z] [worker-~diagnostic~-ad5668bd-2147-4f3b-a02d-3aaaceed6c92]: BUSY {"metadata":{"emulator":{"name":"functions"},"message":"[worker-~diagnostic~-ad5668bd-2147-4f3b-a02d-3aaaceed6c92]: BUSY"}}
[debug] [2022-02-23T00:59:44.314Z] [runtime-status] [8580] Functions runtime initialized. {"cwd":"C:\\Users\\sebas\\Desktop\\amazon-clone\\functions","node_version":"14.16.1"} {"metadata":{"emulator":{"name":"functions"},"message":"[runtime-status] [8580] Functions runtime initialized. {\"cwd\":\"C:\\\\Users\\\\sebas\\\\Desktop\\\\amazon-clone\\\\functions\",\"node_version\":\"14.16.1\"}"}}
[debug] [2022-02-23T00:59:44.316Z] [runtime-status] [8580] Disabled runtime features: undefined {"metadata":{"emulator":{"name":"functions"},"message":"[runtime-status] [8580] Disabled runtime features: undefined"}}
[debug] [2022-02-23T00:59:44.329Z] [runtime-status] [8580] Resolved module firebase-admin {"declared":true,"installed":true,"version":"9.12.0","resolution":"C:\\Users\\sebas\\Desktop\\amazon-clone\\functions\\node_modules\\firebase-admin\\lib\\index.js"} {"metadata":{"emulator":{"name":"functions"},"message":"[runtime-status] [8580] Resolved module firebase-admin {\"declared\":true,\"installed\":true,\"version\":\"9.12.0\",\"resolution\":\"C:\\\\Users\\\\sebas\\\\Desktop\\\\amazon-clone\\\\functions\\\\node_modules\\\\firebase-admin\\\\lib\\\\index.js\"}"}}
[debug] [2022-02-23T00:59:44.336Z] [runtime-status] [8580] Resolved module firebase-functions {"declared":true,"installed":true,"version":"3.18.1","resolution":"C:\\Users\\sebas\\Desktop\\amazon-clone\\functions\\node_modules\\firebase-functions\\lib\\index.js"} {"metadata":{"emulator":{"name":"functions"},"message":"[runtime-status] [8580] Resolved module firebase-functions {\"declared\":true,\"installed\":true,\"version\":\"3.18.1\",\"resolution\":\"C:\\\\Users\\\\sebas\\\\Desktop\\\\amazon-clone\\\\functions\\\\node_modules\\\\firebase-functions\\\\lib\\\\index.js\"}"}}
[debug] [2022-02-23T00:59:44.339Z] [runtime-status] [8580] Outgoing network have been stubbed. [{"name":"http","status":"mocked"},{"name":"http","status":"mocked"},{"name":"https","status":"mocked"},{"name":"https","status":"mocked"},{"name":"net","status":"mocked"}] {"metadata":{"emulator":{"name":"functions"},"message":"[runtime-status] [8580] Outgoing network have been stubbed. [{\"name\":\"http\",\"status\":\"mocked\"},{\"name\":\"http\",\"status\":\"mocked\"},{\"name\":\"https\",\"status\":\"mocked\"},{\"name\":\"https\",\"status\":\"mocked\"},{\"name\":\"net\",\"status\":\"mocked\"}]"}}
[debug] [2022-02-23T00:59:44.341Z] [runtime-status] [8580] Resolved module firebase-functions {"declared":true,"installed":true,"version":"3.18.1","resolution":"C:\\Users\\sebas\\Desktop\\amazon-clone\\functions\\node_modules\\firebase-functions\\lib\\index.js"} {"metadata":{"emulator":{"name":"functions"},"message":"[runtime-status] [8580] Resolved module firebase-functions {\"declared\":true,\"installed\":true,\"version\":\"3.18.1\",\"resolution\":\"C:\\\\Users\\\\sebas\\\\Desktop\\\\amazon-clone\\\\functions\\\\node_modules\\\\firebase-functions\\\\lib\\\\index.js\"}"}}
[debug] [2022-02-23T00:59:44.466Z] [runtime-status] [8580] Checked functions.config() {"config":{}} {"metadata":{"emulator":{"name":"functions"},"message":"[runtime-status] [8580] Checked functions.config() {\"config\":{}}"}}
[debug] [2022-02-23T00:59:44.466Z] [runtime-status] [8580] firebase-functions has been stubbed. {"functionsResolution":{"declared":true,"installed":true,"version":"3.18.1","resolution":"C:\\Users\\sebas\\Desktop\\amazon-clone\\functions\\node_modules\\firebase-functions\\lib\\index.js"}} {"metadata":{"emulator":{"name":"functions"},"message":"[runtime-status] [8580] firebase-functions has been stubbed. {\"functionsResolution\":{\"declared\":true,\"installed\":true,\"version\":\"3.18.1\",\"resolution\":\"C:\\\\Users\\\\sebas\\\\Desktop\\\\amazon-clone\\\\functions\\\\node_modules\\\\firebase-functions\\\\lib\\\\index.js\"}}"}}
[debug] [2022-02-23T00:59:44.467Z] [runtime-status] [8580] Resolved module firebase-functions {"declared":true,"installed":true,"version":"3.18.1","resolution":"C:\\Users\\sebas\\Desktop\\amazon-clone\\functions\\node_modules\\firebase-functions\\lib\\index.js"} {"metadata":{"emulator":{"name":"functions"},"message":"[runtime-status] [8580] Resolved module firebase-functions {\"declared\":true,\"installed\":true,\"version\":\"3.18.1\",\"resolution\":\"C:\\\\Users\\\\sebas\\\\Desktop\\\\amazon-clone\\\\functions\\\\node_modules\\\\firebase-functions\\\\lib\\\\index.js\"}"}}
[debug] [2022-02-23T00:59:44.470Z] [runtime-status] [8580] Resolved module firebase-admin {"declared":true,"installed":true,"version":"9.12.0","resolution":"C:\\Users\\sebas\\Desktop\\amazon-clone\\functions\\node_modules\\firebase-admin\\lib\\index.js"} {"metadata":{"emulator":{"name":"functions"},"message":"[runtime-status] [8580] Resolved module firebase-admin {\"declared\":true,\"installed\":true,\"version\":\"9.12.0\",\"resolution\":\"C:\\\\Users\\\\sebas\\\\Desktop\\\\amazon-clone\\\\functions\\\\node_modules\\\\firebase-admin\\\\lib\\\\index.js\"}"}}
[debug] [2022-02-23T00:59:44.472Z] [runtime-status] [8580] Resolved module firebase-functions {"declared":true,"installed":true,"version":"3.18.1","resolution":"C:\\Users\\sebas\\Desktop\\amazon-clone\\functions\\node_modules\\firebase-functions\\lib\\index.js"} {"metadata":{"emulator":{"name":"functions"},"message":"[runtime-status] [8580] Resolved module firebase-functions {\"declared\":true,\"installed\":true,\"version\":\"3.18.1\",\"resolution\":\"C:\\\\Users\\\\sebas\\\\Desktop\\\\amazon-clone\\\\functions\\\\node_modules\\\\firebase-functions\\\\lib\\\\index.js\"}"}}
[debug] [2022-02-23T00:59:44.472Z] [runtime-status] [8580] firebase-admin has been stubbed. {"adminResolution":{"declared":true,"installed":true,"version":"9.12.0","resolution":"C:\\Users\\sebas\\Desktop\\amazon-clone\\functions\\node_modules\\firebase-admin\\lib\\index.js"}} {"metadata":{"emulator":{"name":"functions"},"message":"[runtime-status] [8580] firebase-admin has been stubbed. {\"adminResolution\":{\"declared\":true,\"installed\":true,\"version\":\"9.12.0\",\"resolution\":\"C:\\\\Users\\\\sebas\\\\Desktop\\\\amazon-clone\\\\functions\\\\node_modules\\\\firebase-admin\\\\lib\\\\index.js\"}}"}}
[info] +  functions[us-central1-api]: http function initialized (http://localhost:5001/clone-39f35/us-central1/api). {"metadata":{"emulator":{"name":"functions"},"message":"\u001b[1mhttp\u001b[22m function initialized (http://localhost:5001/clone-39f35/us-central1/api)."}}
[info] 
┌─────────────────────────────────────────────────────────────┐
│ ✔  All emulators ready! It is now safe to connect your app. │
│ i  View Emulator UI at http://localhost:4000                │
└─────────────────────────────────────────────────────────────┘

┌───────────┬────────────────┬─────────────────────────────────┐
│ Emulator  │ Host:Port      │ View in Emulator UI             │
├───────────┼────────────────┼─────────────────────────────────┤
│ Functions │ localhost:5001 │ http://localhost:4000/functions │
├───────────┼────────────────┼─────────────────────────────────┤
│ Hosting   │ localhost:5000 │ n/a                             │
└───────────┴────────────────┴─────────────────────────────────┘
  Emulator Hub running at localhost:4400
  Other reserved ports: 4500

Issues? Report them at https://github.com/firebase/firebase-tools/issues and attach the *-debug.log files.
 
[debug] [2022-02-23T00:59:45.029Z] [worker-~diagnostic~-ad5668bd-2147-4f3b-a02d-3aaaceed6c92]: IDLE {"metadata":{"emulator":{"name":"functions"},"message":"[worker-~diagnostic~-ad5668bd-2147-4f3b-a02d-3aaaceed6c92]: IDLE"}}
